TN:
SF:/Users/hattiestamp/Projects/and-workshop-automated-testing/lab-2-improve-code/src/index.js
FN:3,(anonymous_0)
FN:6,(anonymous_1)
FNF:2
FNH:0
FNDA:0,(anonymous_0)
FNDA:0,(anonymous_1)
DA:1,0
DA:3,0
DA:4,0
DA:6,0
LF:4
LH:0
BRDA:3,0,0,0
BRDA:3,0,1,0
BRF:2
BRH:0
end_of_record
TN:
SF:/Users/hattiestamp/Projects/and-workshop-automated-testing/lab-2-improve-code/src/libs.js
FN:7,req_ONE
FN:15,(anonymous_1)
FN:22,(anonymous_2)
FNF:3
FNH:2
FNDA:0,req_ONE
FNDA:1,(anonymous_1)
FNDA:1,(anonymous_2)
DA:1,1
DA:3,1
DA:8,0
DA:10,0
DA:12,0
DA:15,1
DA:16,1
DA:19,1
DA:22,1
DA:23,1
DA:25,1
DA:27,1
DA:29,1
DA:32,1
DA:38,1
LF:15
LH:12
BRDA:15,0,0,0
BRDA:17,1,0,0
BRDA:17,1,1,1
BRDA:18,2,0,0
BRDA:18,2,1,1
BRDA:25,3,0,0
BRDA:25,3,1,1
BRF:7
BRH:3
end_of_record
TN:
SF:/Users/hattiestamp/Projects/and-workshop-automated-testing/lab-2-improve-code/src/libs2.js
FN:3,FUNCTION_FOUR
FN:21,FUNCTION_FOUR
FNF:2
FNH:2
FNDA:1,FUNCTION_FOUR
FNDA:1,FUNCTION_FOUR
DA:1,1
DA:3,1
DA:4,1
DA:5,1
DA:8,1
DA:9,0
DA:12,1
DA:14,1
DA:15,1
DA:18,1
DA:21,1
DA:22,1
DA:23,1
DA:26,1
DA:28,1
DA:29,1
DA:32,1
DA:35,1
LF:18
LH:17
BRDA:3,0,0,0
BRDA:4,1,0,1
BRDA:4,1,1,0
BRDA:8,2,0,0
BRDA:8,2,1,1
BRDA:21,3,0,0
BRDA:22,4,0,1
BRDA:22,4,1,0
BRDA:29,5,0,0
BRDA:29,5,1,1
BRF:10
BRH:4
end_of_record
